<?xml version="1.0" encoding="UTF-8"?>
<!-- Generated by org.testng.reporters.JUnitReportReporter -->
<testsuite hostname="SUBHA-DAS" failures="0" tests="2" name="test.DemoTestNG" time="15.783" errors="0" timestamp="2022-05-04T12:05:17 IST" skipped="0">
  <testcase classname="test.DemoTestNG" name="firstTestCase" time="10.459"/>
  <system-out/>
  <testcase classname="test.DemoTestNG" name="secondTestCase" time="5.324"/>
  <system-out/>
</testsuite> <!-- test.DemoTestNG -->
