<?xml version="1.0" encoding="UTF-8"?>
<!-- Generated by org.testng.reporters.JUnitReportReporter -->
<testsuite hostname="SUBHA-DAS" failures="0" tests="3" name="test.DescriptionAttributeTest" time="0.019" errors="0" timestamp="2022-05-04T13:53:03 IST" skipped="0">
  <testcase classname="test.DescriptionAttributeTest" name="test2" time="0.001"/>
  <system-out/>
  <testcase classname="test.DescriptionAttributeTest" name="test1" time="0.015"/>
  <system-out/>
  <testcase classname="test.DescriptionAttributeTest" name="test3" time="0.003"/>
  <system-out/>
</testsuite> <!-- test.DescriptionAttributeTest -->
