<?xml version="1.0" encoding="UTF-8"?>
<!-- Generated by org.testng.reporters.JUnitReportReporter -->
<testsuite hostname="SUBHA-DAS" failures="0" tests="3" name="test.DependsOnAtrribute" time="0.013" errors="0" timestamp="2022-05-04T14:02:30 IST" skipped="0">
  <testcase classname="test.DependsOnAtrribute" name="webStudent" time="0.010"/>
  <system-out/>
  <testcase classname="test.DependsOnAtrribute" name="TabStudent" time="0.001"/>
  <system-out/>
  <testcase classname="test.DependsOnAtrribute" name="mobileStudent" time="0.002"/>
  <system-out/>
</testsuite> <!-- test.DependsOnAtrribute -->
