<?xml version="1.0" encoding="UTF-8"?>
<!-- Generated by org.testng.reporters.JUnitReportReporter -->
<testsuite hostname="SUBHA-DAS" failures="0" tests="2" name="test.AnnoatationTest" time="0.018" errors="0" timestamp="2022-05-05T09:47:47 IST" skipped="0">
  <testcase classname="test.AnnoatationTest" name="testMethod2" time="0.006"/>
  <system-out/>
  <testcase classname="test.AnnoatationTest" name="testMethod1" time="0.012"/>
  <system-out/>
</testsuite> <!-- test.AnnoatationTest -->
