<?xml version="1.0" encoding="UTF-8"?>
<!-- Generated by org.testng.reporters.JUnitReportReporter -->
<testsuite hostname="SUBHA-DAS" failures="0" tests="1" name="test.NewTest" time="19.227" errors="0" timestamp="2022-05-04T12:14:27 IST" skipped="0">
  <testcase classname="test.NewTest" name="f" time="19.227"/>
  <system-out/>
</testsuite> <!-- test.NewTest -->
