<?xml version="1.0" encoding="UTF-8"?>
<!-- Generated by org.testng.reporters.JUnitReportReporter -->
<testsuite hostname="SUBHA-DAS" failures="0" tests="3" name="test.EnableAttribute" time="0.015" errors="0" timestamp="2022-05-04T14:09:26 IST" skipped="0">
  <testcase classname="test.EnableAttribute" name="registrationPage" time="0.002"/>
  <system-out/>
  <testcase classname="test.EnableAttribute" name="loginPage" time="0.001"/>
  <system-out/>
  <testcase classname="test.EnableAttribute" name="landingPage" time="0.012"/>
  <system-out/>
</testsuite> <!-- test.EnableAttribute -->
